# JRE version: OpenJDK Runtime Environment (7.0_79-b14) (build 1.7.0_79-b14)
# Java VM: OpenJDK 64-Bit Server VM (24.79-b02 mixed mode linux-amd64 compressed oops)
Heap
 def new generation   total 11136K, used 0K [0x00000000d6800000, 0x00000000d7410000, 0x00000000e0e00000)
  eden space 9920K,   0% used [0x00000000d6800000, 0x00000000d6800000, 0x00000000d71b0000)
  from space 1216K,   0% used [0x00000000d71b0000, 0x00000000d71b0000, 0x00000000d72e0000)
  to   space 1216K,   0% used [0x00000000d72e0000, 0x00000000d72e0000, 0x00000000d7410000)
 tenured generation   total 31908K, used 29399K [0x00000000e0e00000, 0x00000000e2d29000, 0x00000000f5a00000)
   the space 31908K,  92% used [0x00000000e0e00000, 0x00000000e2ab5e08, 0x00000000e2ab6000, 0x00000000e2d29000)
 compacting perm gen  total 24896K, used 24703K [0x00000000f5a00000, 0x00000000f7250000, 0x0000000100000000)
   the space 24896K,  99% used [0x00000000f5a00000, 0x00000000f721feb0, 0x00000000f7220000, 0x00000000f7250000)
GC Heap History (10 events):
Event: 9.185 GC heap after
Heap after GC invocations=32 (full 2):
 def new generation   total 6656K, used 704K [0x00000000d6800000, 0x00000000d6f30000, 0x00000000e0e00000)
  eden space 5952K,   0% used [0x00000000d6800000, 0x00000000d6800000, 0x00000000d6dd0000)
  from space 704K, 100% used [0x00000000d6e80000, 0x00000000d6f30000, 0x00000000d6f30000)
  to   space 704K,   0% used [0x00000000d6dd0000, 0x00000000d6dd0000, 0x00000000d6e80000)
 tenured generation   total 14632K, used 9415K [0x00000000e0e00000, 0x00000000e1c4a000, 0x00000000f5a00000)
   the space 14632K,  64% used [0x00000000e0e00000, 0x00000000e1731d30, 0x00000000e1731e00, 0x00000000e1c4a000)
 compacting perm gen  total 24448K, used 24391K [0x00000000f5a00000, 0x00000000f71e0000, 0x0000000100000000)
   the space 24448K,  99% used [0x00000000f5a00000, 0x00000000f71d1f88, 0x00000000f71d2000, 0x00000000f71e0000)
No shared spaces configured.
}
Event: 9.254 GC heap before
{Heap before GC invocations=32 (full 2):
 def new generation   total 6656K, used 6656K [0x00000000d6800000, 0x00000000d6f30000, 0x00000000e0e00000)
  eden space 5952K, 100% used [0x00000000d6800000, 0x00000000d6dd0000, 0x00000000d6dd0000)
  from space 704K, 100% used [0x00000000d6e80000, 0x00000000d6f30000, 0x00000000d6f30000)
  to   space 704K,   0% used [0x00000000d6dd0000, 0x00000000d6dd0000, 0x00000000d6e80000)
 tenured generation   total 14632K, used 9415K [0x00000000e0e00000, 0x00000000e1c4a000, 0x00000000f5a00000)
   the space 14632K,  64% used [0x00000000e0e00000, 0x00000000e1731d30, 0x00000000e1731e00, 0x00000000e1c4a000)
 compacting perm gen  total 24448K, used 24443K [0x00000000f5a00000, 0x00000000f71e0000, 0x0000000100000000)
   the space 24448K,  99% used [0x00000000f5a00000, 0x00000000f71dedb8, 0x00000000f71dee00, 0x00000000f71e0000)
No shared spaces configured.
Event: 9.257 GC heap after
Heap after GC invocations=33 (full 2):
 def new generation   total 6656K, used 653K [0x00000000d6800000, 0x00000000d6f30000, 0x00000000e0e00000)
  eden space 5952K,   0% used [0x00000000d6800000, 0x00000000d6800000, 0x00000000d6dd0000)
  from space 704K,  92% used [0x00000000d6dd0000, 0x00000000d6e73448, 0x00000000d6e80000)
  to   space 704K,   0% used [0x00000000d6e80000, 0x00000000d6e80000, 0x00000000d6f30000)
 tenured generation   total 14632K, used 9703K [0x00000000e0e00000, 0x00000000e1c4a000, 0x00000000f5a00000)
   the space 14632K,  66% used [0x00000000e0e00000, 0x00000000e1779eb8, 0x00000000e177a000, 0x00000000e1c4a000)
 compacting perm gen  total 24448K, used 24443K [0x00000000f5a00000, 0x00000000f71e0000, 0x0000000100000000)
   the space 24448K,  99% used [0x00000000f5a00000, 0x00000000f71dedb8, 0x00000000f71dee00, 0x00000000f71e0000)
No shared spaces configured.
}
Event: 9.472 GC heap before
{Heap before GC invocations=33 (full 2):
 def new generation   total 6656K, used 6519K [0x00000000d6800000, 0x00000000d6f30000, 0x00000000e0e00000)
  eden space 5952K,  98% used [0x00000000d6800000, 0x00000000d6dba948, 0x00000000d6dd0000)
  from space 704K,  92% used [0x00000000d6dd0000, 0x00000000d6e73448, 0x00000000d6e80000)
  to   space 704K,   0% used [0x00000000d6e80000, 0x00000000d6e80000, 0x00000000d6f30000)
 tenured generation   total 14632K, used 9703K [0x00000000e0e00000, 0x00000000e1c4a000, 0x00000000f5a00000)
   the space 14632K,  66% used [0x00000000e0e00000, 0x00000000e1779eb8, 0x00000000e177a000, 0x00000000e1c4a000)
 compacting perm gen  total 24768K, used 24717K [0x00000000f5a00000, 0x00000000f7230000, 0x0000000100000000)
   the space 24768K,  99% used [0x00000000f5a00000, 0x00000000f72236d8, 0x00000000f7223800, 0x00000000f7230000)
No shared spaces configured.
Event: 9.518 GC heap after
Heap after GC invocations=34 (full 3):
 def new generation   total 6656K, used 0K [0x00000000d6800000, 0x00000000d6f30000, 0x00000000e0e00000)
  eden space 5952K,   0% used [0x00000000d6800000, 0x00000000d6800000, 0x00000000d6dd0000)
  from space 704K,   0% used [0x00000000d6e80000, 0x00000000d6e80000, 0x00000000d6f30000)
  to   space 704K,   0% used [0x00000000d6dd0000, 0x00000000d6dd0000, 0x00000000d6e80000)
 tenured generation   total 14632K, used 8227K [0x00000000e0e00000, 0x00000000e1c4a000, 0x00000000f5a00000)
   the space 14632K,  56% used [0x00000000e0e00000, 0x00000000e1608cf8, 0x00000000e1608e00, 0x00000000e1c4a000)
 compacting perm gen  total 24768K, used 24717K [0x00000000f5a00000, 0x00000000f7230000, 0x0000000100000000)
   the space 24768K,  99% used [0x00000000f5a00000, 0x00000000f72236d8, 0x00000000f7223800, 0x00000000f7230000)
No shared spaces configured.
}
Event: 11.459 GC heap before
{Heap before GC invocations=34 (full 3):
 def new generation   total 6656K, used 110K [0x00000000d6800000, 0x00000000d6f30000, 0x00000000e0e00000)
  eden space 5952K,   1% used [0x00000000d6800000, 0x00000000d681b8b8, 0x00000000d6dd0000)
  from space 704K,   0% used [0x00000000d6e80000, 0x00000000d6e80000, 0x00000000d6f30000)
  to   space 704K,   0% used [0x00000000d6dd0000, 0x00000000d6dd0000, 0x00000000d6e80000)
 tenured generation   total 21956K, used 15547K [0x00000000e0e00000, 0x00000000e2371000, 0x00000000f5a00000)
   the space 21956K,  70% used [0x00000000e0e00000, 0x00000000e1d2ed08, 0x00000000e1d2ee00, 0x00000000e2371000)
 compacting perm gen  total 25088K, used 24975K [0x00000000f5a00000, 0x00000000f7280000, 0x0000000100000000)
   the space 25088K,  99% used [0x00000000f5a00000, 0x00000000f7263da8, 0x00000000f7263e00, 0x00000000f7280000)
No shared spaces configured.
Event: 11.537 GC heap after
Heap after GC invocations=35 (full 4):
 def new generation   total 11136K, used 0K [0x00000000d6800000, 0x00000000d7410000, 0x00000000e0e00000)
  eden space 9920K,   0% used [0x00000000d6800000, 0x00000000d6800000, 0x00000000d71b0000)
  from space 1216K,   0% used [0x00000000d71b0000, 0x00000000d71b0000, 0x00000000d72e0000)
  to   space 1216K,   0% used [0x00000000d72e0000, 0x00000000d72e0000, 0x00000000d7410000)
 tenured generation   total 24584K, used 14748K [0x00000000e0e00000, 0x00000000e2602000, 0x00000000f5a00000)
   the space 24584K,  59% used [0x00000000e0e00000, 0x00000000e1c671a8, 0x00000000e1c67200, 0x00000000e2602000)
 compacting perm gen  total 24576K, used 24568K [0x00000000f5a00000, 0x00000000f7200000, 0x0000000100000000)
   the space 24576K,  99% used [0x00000000f5a00000, 0x00000000f71fe2a8, 0x00000000f71fe400, 0x00000000f7200000)
No shared spaces configured.
}
Event: 11.613 GC heap before
{Heap before GC invocations=35 (full 4):
 def new generation   total 11136K, used 7503K [0x00000000d6800000, 0x00000000d7410000, 0x00000000e0e00000)
  eden space 9920K,  75% used [0x00000000d6800000, 0x00000000d6f53e50, 0x00000000d71b0000)
  from space 1216K,   0% used [0x00000000d71b0000, 0x00000000d71b0000, 0x00000000d72e0000)
  to   space 1216K,   0% used [0x00000000d72e0000, 0x00000000d72e0000, 0x00000000d7410000)
 tenured generation   total 24584K, used 14748K [0x00000000e0e00000, 0x00000000e2602000, 0x00000000f5a00000)
   the space 24584K,  59% used [0x00000000e0e00000, 0x00000000e1c671a8, 0x00000000e1c67200, 0x00000000e2602000)
 compacting perm gen  total 24896K, used 24703K [0x00000000f5a00000, 0x00000000f7250000, 0x0000000100000000)
   the space 24896K,  99% used [0x00000000f5a00000, 0x00000000f721fe08, 0x00000000f7220000, 0x00000000f7250000)
No shared spaces configured.
Event: 11.622 GC heap after
Heap after GC invocations=36 (full 4):
 def new generation   total 11136K, used 10K [0x00000000d6800000, 0x00000000d7410000, 0x00000000e0e00000)
  eden space 9920K,   0% used [0x00000000d6800000, 0x00000000d6800000, 0x00000000d71b0000)
  from space 1216K,   0% used [0x00000000d72e0000, 0x00000000d72e2970, 0x00000000d7410000)
  to   space 1216K,   0% used [0x00000000d71b0000, 0x00000000d71b0000, 0x00000000d72e0000)
 tenured generation   total 24584K, used 22068K [0x00000000e0e00000, 0x00000000e2602000, 0x00000000f5a00000)
   the space 24584K,  89% used [0x00000000e0e00000, 0x00000000e238d1b8, 0x00000000e238d200, 0x00000000e2602000)
 compacting perm gen  total 24896K, used 24703K [0x00000000f5a00000, 0x00000000f7250000, 0x0000000100000000)
   the space 24896K,  99% used [0x00000000f5a00000, 0x00000000f721fe08, 0x00000000f7220000, 0x00000000f7250000)
No shared spaces configured.
}
Event: 11.635 GC heap before
{Heap before GC invocations=36 (full 4):
 def new generation   total 11136K, used 7451K [0x00000000d6800000, 0x00000000d7410000, 0x00000000e0e00000)
  eden space 9920K,  75% used [0x00000000d6800000, 0x00000000d6f44428, 0x00000000d71b0000)
  from space 1216K,   0% used [0x00000000d72e0000, 0x00000000d72e2970, 0x00000000d7410000)
  to   space 1216K,   0% used [0x00000000d71b0000, 0x00000000d71b0000, 0x00000000d72e0000)
 tenured generation   total 24584K, used 22068K [0x00000000e0e00000, 0x00000000e2602000, 0x00000000f5a00000)
   the space 24584K,  89% used [0x00000000e0e00000, 0x00000000e238d1b8, 0x00000000e238d200, 0x00000000e2602000)
 compacting perm gen  total 24896K, used 24703K [0x00000000f5a00000, 0x00000000f7250000, 0x0000000100000000)
   the space 24896K,  99% used [0x00000000f5a00000, 0x00000000f721feb0, 0x00000000f7220000, 0x00000000f7250000)
No shared spaces configured.

